  [1m[35m (1.6ms)[0m  [1m[34mSELECT sqlite_version(*)[0m
  [1m[35m (4.6ms)[0m  [1m[35mCREATE TABLE "schema_migrations" ("version" varchar NOT NULL PRIMARY KEY)[0m
  [1m[35m (3.9ms)[0m  [1m[35mCREATE TABLE "ar_internal_metadata" ("key" varchar NOT NULL PRIMARY KEY, "value" varchar, "created_at" datetime(6) NOT NULL, "updated_at" datetime(6) NOT NULL)[0m
  [1m[35m (0.2ms)[0m  [1m[34mSELECT "schema_migrations"."version" FROM "schema_migrations" ORDER BY "schema_migrations"."version" ASC[0m
Migrating to CreateWidgets (20210131012015)
  [1m[36mTRANSACTION (0.1ms)[0m  [1m[36mbegin transaction[0m
  [1m[35m (0.4ms)[0m  [1m[35mCREATE TABLE "widgets" ("id" integer PRIMARY KEY AUTOINCREMENT NOT NULL, "model" varchar, "size" integer, "runcible" boolean, "created_at" datetime(6) NOT NULL, "updated_at" datetime(6) NOT NULL)[0m
  [1m[36mActiveRecord::SchemaMigration Create (0.2ms)[0m  [1m[32mINSERT INTO "schema_migrations" ("version") VALUES (?)[0m  [["version", "20210131012015"]]
  [1m[36mTRANSACTION (3.0ms)[0m  [1m[36mcommit transaction[0m
  [1m[36mActiveRecord::InternalMetadata Load (0.3ms)[0m  [1m[34mSELECT "ar_internal_metadata".* FROM "ar_internal_metadata" WHERE "ar_internal_metadata"."key" = ? LIMIT ?[0m  [["key", "environment"], ["LIMIT", 1]]
  [1m[36mTRANSACTION (0.1ms)[0m  [1m[36mbegin transaction[0m
  [1m[36mActiveRecord::InternalMetadata Create (0.3ms)[0m  [1m[32mINSERT INTO "ar_internal_metadata" ("key", "value", "created_at", "updated_at") VALUES (?, ?, ?, ?)[0m  [["key", "environment"], ["value", "development"], ["created_at", "2021-01-31 01:20:58.377101"], ["updated_at", "2021-01-31 01:20:58.377101"]]
  [1m[36mTRANSACTION (2.1ms)[0m  [1m[36mcommit transaction[0m
  [1m[35m (0.1ms)[0m  [1m[34mSELECT sqlite_version(*)[0m
  [1m[35m (0.1ms)[0m  [1m[34mSELECT "schema_migrations"."version" FROM "schema_migrations" ORDER BY "schema_migrations"."version" ASC[0m
Started GET "/" for 127.0.0.1 at 2021-01-30 18:22:06 -0700
  [1m[35m (0.5ms)[0m  [1m[34mSELECT sqlite_version(*)[0m
  [1m[35m (0.1ms)[0m  [1m[34mSELECT "schema_migrations"."version" FROM "schema_migrations" ORDER BY "schema_migrations"."version" ASC[0m
Processing by Rails::WelcomeController#index as HTML
  Rendering /home/tthorley/.rbenv/versions/2.6.6/lib/ruby/gems/2.6.0/gems/railties-6.1.1/lib/rails/templates/rails/welcome/index.html.erb
  Rendered /home/tthorley/.rbenv/versions/2.6.6/lib/ruby/gems/2.6.0/gems/railties-6.1.1/lib/rails/templates/rails/welcome/index.html.erb (Duration: 8.4ms | Allocations: 523)
Completed 200 OK in 30ms (Views: 12.7ms | ActiveRecord: 0.0ms | Allocations: 4427)


Started GET "/widgets" for 127.0.0.1 at 2021-01-30 18:22:13 -0700
Processing by WidgetsController#index as HTML
  Rendering layout layouts/application.html.erb
  Rendering widgets/index.html.erb within layouts/application
  [1m[36mWidget Load (0.4ms)[0m  [1m[34mSELECT "widgets".* FROM "widgets"[0m
  ↳ app/views/widgets/index.html.erb:16
  Rendered widgets/index.html.erb within layouts/application (Duration: 6.9ms | Allocations: 1070)
[Webpacker] Compiling...
[Webpacker] Compilation failed:
/home/tthorley/repos/modest-vue-for-your-html/node_modules/webpack-cli/bin/cli.js:281
				throw err;
				^

Error: [VueLoaderPlugin Error] No matching rule for .vue files found.
Make sure there is at least one root-level rule that matches .vue or .vue.html files.
    at VueLoaderPlugin.apply (/home/tthorley/repos/modest-vue-for-your-html/node_modules/vue-loader/dist/pluginWebpack4.js:25:19)
    at webpack (/home/tthorley/repos/modest-vue-for-your-html/node_modules/webpack/lib/webpack.js:51:13)
    at processOptions (/home/tthorley/repos/modest-vue-for-your-html/node_modules/webpack-cli/bin/cli.js:272:16)
    at /home/tthorley/repos/modest-vue-for-your-html/node_modules/webpack-cli/bin/cli.js:364:3
    at Object.parse (/home/tthorley/repos/modest-vue-for-your-html/node_modules/yargs/yargs.js:576:18)
    at /home/tthorley/repos/modest-vue-for-your-html/node_modules/webpack-cli/bin/cli.js:49:8
    at Object.<anonymous> (/home/tthorley/repos/modest-vue-for-your-html/node_modules/webpack-cli/bin/cli.js:366:3)
    at Module._compile (internal/modules/cjs/loader.js:1063:30)
    at Object.Module._extensions..js (internal/modules/cjs/loader.js:1092:10)
    at Module.load (internal/modules/cjs/loader.js:928:32)
    at Function.Module._load (internal/modules/cjs/loader.js:769:14)
    at Module.require (internal/modules/cjs/loader.js:952:19)
    at require (internal/modules/cjs/helpers.js:88:18)
    at Object.<anonymous> (/home/tthorley/repos/modest-vue-for-your-html/node_modules/webpack/bin/webpack.js:156:2)
    at Module._compile (internal/modules/cjs/loader.js:1063:30)
    at Object.Module._extensions..js (internal/modules/cjs/loader.js:1092:10)
    at Module.load (internal/modules/cjs/loader.js:928:32)
    at Function.Module._load (internal/modules/cjs/loader.js:769:14)
    at Function.executeUserEntryPoint [as runMain] (internal/modules/run_main.js:72:12)
    at internal/main/run_main_module.js:17:47

  Rendered layout layouts/application.html.erb (Duration: 1707.9ms | Allocations: 22243)
Completed 500 Internal Server Error in 1719ms (ActiveRecord: 0.4ms | Allocations: 23957)


  
ActionView::Template::Error (Webpacker can't find application.js in /home/tthorley/repos/modest-vue-for-your-html/public/packs/manifest.json. Possible causes:
1. You want to set webpacker.yml value of compile to true for your environment
   unless you are using the `webpack -w` or the webpack-dev-server.
2. webpack has not yet re-run to reflect updates.
3. You have misconfigured Webpacker's config/webpacker.yml file.
4. Your webpack configuration is not creating a manifest.
Your manifest contains:
{
}
):
     7:     <%= csp_meta_tag %>
     8: 
     9:     <%= stylesheet_link_tag 'application', media: 'all', 'data-turbolinks-track': 'reload' %>
    10:     <%= javascript_pack_tag 'application', 'data-turbolinks-track': 'reload' %>
    11:   </head>
    12: 
    13:   <body>
  
app/views/layouts/application.html.erb:10
Started GET "/widgets" for 127.0.0.1 at 2021-01-30 18:27:17 -0700
  [1m[35m (0.5ms)[0m  [1m[34mSELECT sqlite_version(*)[0m
  [1m[35m (0.2ms)[0m  [1m[34mSELECT "schema_migrations"."version" FROM "schema_migrations" ORDER BY "schema_migrations"."version" ASC[0m
Processing by WidgetsController#index as HTML
  Rendering layout layouts/application.html.erb
  Rendering widgets/index.html.erb within layouts/application
  [1m[36mWidget Load (0.2ms)[0m  [1m[34mSELECT "widgets".* FROM "widgets"[0m
  ↳ app/views/widgets/index.html.erb:16
  Rendered widgets/index.html.erb within layouts/application (Duration: 4.2ms | Allocations: 1177)
[Webpacker] Compiling...
[Webpacker] Compiled all packs in /home/tthorley/repos/modest-vue-for-your-html/public/packs
[Webpacker] Hash: 415a948d492e21802f43
Version: webpack 4.46.0
Time: 2073ms
Built at: 01/30/2021 6:27:20 PM
                                     Asset       Size       Chunks                         Chunk Names
    js/application-d5a3c3b4dce84b5eb605.js    125 KiB  application  [emitted] [immutable]  application
js/application-d5a3c3b4dce84b5eb605.js.map    139 KiB  application  [emitted] [dev]        application
                             manifest.json  364 bytes               [emitted]              
Entrypoint application = js/application-d5a3c3b4dce84b5eb605.js js/application-d5a3c3b4dce84b5eb605.js.map
[./app/javascript/channels sync recursive _channel\.js$] ./app/javascript/channels sync _channel\.js$ 160 bytes {application} [built]
[./app/javascript/channels/index.js] 211 bytes {application} [built]
[./app/javascript/packs/application.js] 492 bytes {application} [built]
[./node_modules/webpack/buildin/module.js] (webpack)/buildin/module.js 552 bytes {application} [built]
    + 3 hidden modules

  Rendered layout layouts/application.html.erb (Duration: 3544.3ms | Allocations: 7980)
Completed 200 OK in 3564ms (Views: 3546.9ms | ActiveRecord: 0.2ms | Allocations: 11090)


Started GET "/widgets" for 127.0.0.1 at 2021-01-30 18:28:33 -0700
  [1m[35m (0.4ms)[0m  [1m[34mSELECT sqlite_version(*)[0m
  [1m[35m (0.1ms)[0m  [1m[34mSELECT "schema_migrations"."version" FROM "schema_migrations" ORDER BY "schema_migrations"."version" ASC[0m
Processing by WidgetsController#index as HTML
  Rendering layout layouts/application.html.erb
  Rendering widgets/index.html.erb within layouts/application
  [1m[36mWidget Load (0.2ms)[0m  [1m[34mSELECT "widgets".* FROM "widgets"[0m
  ↳ app/views/widgets/index.html.erb:16
  Rendered widgets/index.html.erb within layouts/application (Duration: 3.0ms | Allocations: 1177)
[Webpacker] Everything's up-to-date. Nothing to do
  Rendered layout layouts/application.html.erb (Duration: 12.4ms | Allocations: 6792)
Completed 200 OK in 29ms (Views: 14.8ms | ActiveRecord: 0.2ms | Allocations: 9876)


Started GET "/" for 127.0.0.1 at 2021-01-30 18:28:38 -0700
Processing by WidgetsController#index as HTML
  Rendering layout layouts/application.html.erb
  Rendering widgets/index.html.erb within layouts/application
  [1m[36mWidget Load (0.3ms)[0m  [1m[34mSELECT "widgets".* FROM "widgets"[0m
  ↳ app/views/widgets/index.html.erb:16
  Rendered widgets/index.html.erb within layouts/application (Duration: 6.2ms | Allocations: 741)
[Webpacker] Everything's up-to-date. Nothing to do
  Rendered layout layouts/application.html.erb (Duration: 18.6ms | Allocations: 3809)
Completed 200 OK in 22ms (Views: 20.0ms | ActiveRecord: 0.3ms | Allocations: 4239)


Started GET "/" for 127.0.0.1 at 2021-01-30 18:31:28 -0700
Processing by WidgetsController#index as HTML
  Rendering layout layouts/application.html.erb
  Rendering widgets/index.html.erb within layouts/application
  [1m[36mWidget Load (0.3ms)[0m  [1m[34mSELECT "widgets".* FROM "widgets"[0m
  ↳ app/views/widgets/index.html.erb:16
  Rendered widgets/index.html.erb within layouts/application (Duration: 5.4ms | Allocations: 735)
[Webpacker] Everything's up-to-date. Nothing to do
  Rendered layout layouts/application.html.erb (Duration: 19.1ms | Allocations: 3803)
Completed 200 OK in 23ms (Views: 20.5ms | ActiveRecord: 0.3ms | Allocations: 4232)


Started GET "/widgets/new" for 127.0.0.1 at 2021-01-30 18:31:30 -0700
Processing by WidgetsController#new as HTML
  Rendering layout layouts/application.html.erb
  Rendering widgets/new.html.erb within layouts/application
  Rendered widgets/_form.html.erb (Duration: 21.3ms | Allocations: 7862)
  Rendered widgets/new.html.erb within layouts/application (Duration: 22.5ms | Allocations: 8230)
[Webpacker] Everything's up-to-date. Nothing to do
  Rendered layout layouts/application.html.erb (Duration: 27.3ms | Allocations: 11198)
Completed 200 OK in 36ms (Views: 28.0ms | ActiveRecord: 0.6ms | Allocations: 15709)


Started POST "/widgets" for 127.0.0.1 at 2021-01-30 18:32:19 -0700
Processing by WidgetsController#create as HTML
  Parameters: {"authenticity_token"=>"[FILTERED]", "widget"=>{"model"=>"A14", "size"=>"1", "runcible"=>"1"}, "commit"=>"Create Widget"}
  [1m[36mTRANSACTION (0.2ms)[0m  [1m[36mbegin transaction[0m
  ↳ app/controllers/widgets_controller.rb:27:in `block in create'
  [1m[36mWidget Create (0.7ms)[0m  [1m[32mINSERT INTO "widgets" ("model", "size", "runcible", "created_at", "updated_at") VALUES (?, ?, ?, ?, ?)[0m  [["model", "A14"], ["size", 1], ["runcible", 1], ["created_at", "2021-01-31 01:32:19.025427"], ["updated_at", "2021-01-31 01:32:19.025427"]]
  ↳ app/controllers/widgets_controller.rb:27:in `block in create'
  [1m[36mTRANSACTION (3.2ms)[0m  [1m[36mcommit transaction[0m
  ↳ app/controllers/widgets_controller.rb:27:in `block in create'
Redirected to http://localhost:3000/widgets/1
Completed 302 Found in 33ms (ActiveRecord: 4.1ms | Allocations: 4835)


Started GET "/widgets/1" for 127.0.0.1 at 2021-01-30 18:32:19 -0700
Processing by WidgetsController#show as HTML
  Parameters: {"id"=>"1"}
  [1m[36mWidget Load (0.4ms)[0m  [1m[34mSELECT "widgets".* FROM "widgets" WHERE "widgets"."id" = ? LIMIT ?[0m  [["id", 1], ["LIMIT", 1]]
  ↳ app/controllers/widgets_controller.rb:62:in `set_widget'
  Rendering layout layouts/application.html.erb
  Rendering widgets/show.html.erb within layouts/application
  Rendered widgets/show.html.erb within layouts/application (Duration: 2.1ms | Allocations: 301)
[Webpacker] Everything's up-to-date. Nothing to do
  Rendered layout layouts/application.html.erb (Duration: 14.3ms | Allocations: 3645)
Completed 200 OK in 36ms (Views: 15.6ms | ActiveRecord: 0.4ms | Allocations: 6779)


Started GET "/widgets" for 127.0.0.1 at 2021-01-30 18:32:24 -0700
Processing by WidgetsController#index as HTML
  Rendering layout layouts/application.html.erb
  Rendering widgets/index.html.erb within layouts/application
  [1m[36mWidget Load (0.2ms)[0m  [1m[34mSELECT "widgets".* FROM "widgets"[0m
  ↳ app/views/widgets/index.html.erb:16
  Rendered widgets/index.html.erb within layouts/application (Duration: 4.4ms | Allocations: 836)
[Webpacker] Everything's up-to-date. Nothing to do
  Rendered layout layouts/application.html.erb (Duration: 16.3ms | Allocations: 3902)
Completed 200 OK in 18ms (Views: 17.4ms | ActiveRecord: 0.2ms | Allocations: 4329)


  [1m[35m (0.5ms)[0m  [1m[34mSELECT sqlite_version(*)[0m
  [1m[35m (0.1ms)[0m  [1m[34mSELECT "schema_migrations"."version" FROM "schema_migrations" ORDER BY "schema_migrations"."version" ASC[0m
  [1m[35m (0.1ms)[0m  [1m[34mSELECT "schema_migrations"."version" FROM "schema_migrations" ORDER BY "schema_migrations"."version" ASC[0m
  [1m[35m (0.1ms)[0m  [1m[34mSELECT "schema_migrations"."version" FROM "schema_migrations" ORDER BY "schema_migrations"."version" ASC[0m
  [1m[35m (0.4ms)[0m  [1m[34mSELECT sqlite_version(*)[0m
  [1m[35m (0.1ms)[0m  [1m[34mSELECT "schema_migrations"."version" FROM "schema_migrations" ORDER BY "schema_migrations"."version" ASC[0m
Migrating to CreateWidgets (20210131014553)
  [1m[36mTRANSACTION (0.1ms)[0m  [1m[36mbegin transaction[0m
  [1m[35m (0.4ms)[0m  [1m[35mCREATE TABLE "widgets" ("id" integer PRIMARY KEY AUTOINCREMENT NOT NULL, "model" varchar, "color" varchar, "runcible" boolean, "created_at" datetime(6) NOT NULL, "updated_at" datetime(6) NOT NULL)[0m
  [1m[36mTRANSACTION (0.0ms)[0m  [1m[31mrollback transaction[0m
  [1m[35m (0.4ms)[0m  [1m[34mSELECT sqlite_version(*)[0m
  [1m[35m (0.1ms)[0m  [1m[34mSELECT "schema_migrations"."version" FROM "schema_migrations" ORDER BY "schema_migrations"."version" ASC[0m
  [1m[35m (0.1ms)[0m  [1m[34mSELECT "ar_internal_metadata"."value" FROM "ar_internal_metadata" WHERE "ar_internal_metadata"."key" = ?[0m  [["key", "environment"]]
  [1m[35m (0.1ms)[0m  [1m[34mSELECT "schema_migrations"."version" FROM "schema_migrations" ORDER BY "schema_migrations"."version" ASC[0m
  [1m[35m (0.1ms)[0m  [1m[34mSELECT "ar_internal_metadata"."value" FROM "ar_internal_metadata" WHERE "ar_internal_metadata"."key" = ?[0m  [["key", "environment"]]
  [1m[35m (0.1ms)[0m  [1m[34mSELECT "schema_migrations"."version" FROM "schema_migrations" ORDER BY "schema_migrations"."version" ASC[0m
  [1m[35m (0.1ms)[0m  [1m[34mSELECT "ar_internal_metadata"."value" FROM "ar_internal_metadata" WHERE "ar_internal_metadata"."key" = ?[0m  [["key", "environment"]]
  [1m[35m (0.1ms)[0m  [1m[34mSELECT sqlite_version(*)[0m
  [1m[35m (0.1ms)[0m  [1m[34mSELECT sqlite_version(*)[0m
  [1m[35m (0.1ms)[0m  [1m[34mSELECT sqlite_version(*)[0m
  [1m[35m (0.1ms)[0m  [1m[35mDROP TABLE IF EXISTS "widgets"[0m
  [1m[35m (3.1ms)[0m  [1m[35mCREATE TABLE "widgets" ("id" integer PRIMARY KEY AUTOINCREMENT NOT NULL, "model" varchar, "size" integer, "runcible" boolean, "created_at" datetime(6) NOT NULL, "updated_at" datetime(6) NOT NULL)[0m
  [1m[35m (4.7ms)[0m  [1m[35mCREATE TABLE "schema_migrations" ("version" varchar NOT NULL PRIMARY KEY)[0m
  [1m[35m (0.1ms)[0m  [1m[34mSELECT "schema_migrations"."version" FROM "schema_migrations" ORDER BY "schema_migrations"."version" ASC[0m
  [1m[35m (2.2ms)[0m  [1m[32mINSERT INTO "schema_migrations" (version) VALUES (20210131012015)[0m
  [1m[35m (3.6ms)[0m  [1m[35mCREATE TABLE "ar_internal_metadata" ("key" varchar NOT NULL PRIMARY KEY, "value" varchar, "created_at" datetime(6) NOT NULL, "updated_at" datetime(6) NOT NULL)[0m
  [1m[36mActiveRecord::InternalMetadata Load (0.2ms)[0m  [1m[34mSELECT "ar_internal_metadata".* FROM "ar_internal_metadata" WHERE "ar_internal_metadata"."key" = ? LIMIT ?[0m  [["key", "environment"], ["LIMIT", 1]]
  [1m[36mTRANSACTION (0.1ms)[0m  [1m[36mbegin transaction[0m
  [1m[36mActiveRecord::InternalMetadata Create (0.3ms)[0m  [1m[32mINSERT INTO "ar_internal_metadata" ("key", "value", "created_at", "updated_at") VALUES (?, ?, ?, ?)[0m  [["key", "environment"], ["value", "development"], ["created_at", "2021-01-31 01:46:43.219706"], ["updated_at", "2021-01-31 01:46:43.219706"]]
  [1m[36mTRANSACTION (2.9ms)[0m  [1m[36mcommit transaction[0m
  [1m[36mActiveRecord::InternalMetadata Load (0.1ms)[0m  [1m[34mSELECT "ar_internal_metadata".* FROM "ar_internal_metadata" WHERE "ar_internal_metadata"."key" = ? LIMIT ?[0m  [["key", "environment"], ["LIMIT", 1]]
  [1m[36mActiveRecord::InternalMetadata Load (0.1ms)[0m  [1m[34mSELECT "ar_internal_metadata".* FROM "ar_internal_metadata" WHERE "ar_internal_metadata"."key" = ? LIMIT ?[0m  [["key", "schema_sha1"], ["LIMIT", 1]]
  [1m[36mTRANSACTION (0.1ms)[0m  [1m[36mbegin transaction[0m
  [1m[36mActiveRecord::InternalMetadata Create (0.2ms)[0m  [1m[32mINSERT INTO "ar_internal_metadata" ("key", "value", "created_at", "updated_at") VALUES (?, ?, ?, ?)[0m  [["key", "schema_sha1"], ["value", "57a8324002fabc678cd44f605bd1e44f98f69c35"], ["created_at", "2021-01-31 01:46:43.230707"], ["updated_at", "2021-01-31 01:46:43.230707"]]
  [1m[36mTRANSACTION (2.3ms)[0m  [1m[36mcommit transaction[0m
  [1m[35m (0.1ms)[0m  [1m[34mSELECT sqlite_version(*)[0m
  [1m[35m (0.1ms)[0m  [1m[35mDROP TABLE IF EXISTS "widgets"[0m
  [1m[35m (2.6ms)[0m  [1m[35mCREATE TABLE "widgets" ("id" integer PRIMARY KEY AUTOINCREMENT NOT NULL, "model" varchar, "size" integer, "runcible" boolean, "created_at" datetime(6) NOT NULL, "updated_at" datetime(6) NOT NULL)[0m
  [1m[35m (2.6ms)[0m  [1m[35mCREATE TABLE "schema_migrations" ("version" varchar NOT NULL PRIMARY KEY)[0m
  [1m[35m (0.1ms)[0m  [1m[34mSELECT "schema_migrations"."version" FROM "schema_migrations" ORDER BY "schema_migrations"."version" ASC[0m
  [1m[35m (2.0ms)[0m  [1m[32mINSERT INTO "schema_migrations" (version) VALUES (20210131012015)[0m
  [1m[35m (2.8ms)[0m  [1m[35mCREATE TABLE "ar_internal_metadata" ("key" varchar NOT NULL PRIMARY KEY, "value" varchar, "created_at" datetime(6) NOT NULL, "updated_at" datetime(6) NOT NULL)[0m
  [1m[36mActiveRecord::InternalMetadata Load (0.2ms)[0m  [1m[34mSELECT "ar_internal_metadata".* FROM "ar_internal_metadata" WHERE "ar_internal_metadata"."key" = ? LIMIT ?[0m  [["key", "environment"], ["LIMIT", 1]]
  [1m[36mTRANSACTION (0.1ms)[0m  [1m[36mbegin transaction[0m
  [1m[36mActiveRecord::InternalMetadata Create (0.2ms)[0m  [1m[32mINSERT INTO "ar_internal_metadata" ("key", "value", "created_at", "updated_at") VALUES (?, ?, ?, ?)[0m  [["key", "environment"], ["value", "development"], ["created_at", "2021-01-31 01:46:43.256846"], ["updated_at", "2021-01-31 01:46:43.256846"]]
  [1m[36mTRANSACTION (2.2ms)[0m  [1m[36mcommit transaction[0m
  [1m[36mActiveRecord::InternalMetadata Load (0.1ms)[0m  [1m[34mSELECT "ar_internal_metadata".* FROM "ar_internal_metadata" WHERE "ar_internal_metadata"."key" = ? LIMIT ?[0m  [["key", "environment"], ["LIMIT", 1]]
  [1m[36mTRANSACTION (0.1ms)[0m  [1m[36mbegin transaction[0m
  [1m[36mActiveRecord::InternalMetadata Update (0.2ms)[0m  [1m[33mUPDATE "ar_internal_metadata" SET "value" = ?, "updated_at" = ? WHERE "ar_internal_metadata"."key" = ?[0m  [["value", "test"], ["updated_at", "2021-01-31 01:46:43.265638"], ["key", "environment"]]
  [1m[36mTRANSACTION (3.1ms)[0m  [1m[36mcommit transaction[0m
  [1m[36mActiveRecord::InternalMetadata Load (0.1ms)[0m  [1m[34mSELECT "ar_internal_metadata".* FROM "ar_internal_metadata" WHERE "ar_internal_metadata"."key" = ? LIMIT ?[0m  [["key", "schema_sha1"], ["LIMIT", 1]]
  [1m[36mTRANSACTION (0.1ms)[0m  [1m[36mbegin transaction[0m
  [1m[36mActiveRecord::InternalMetadata Create (0.3ms)[0m  [1m[32mINSERT INTO "ar_internal_metadata" ("key", "value", "created_at", "updated_at") VALUES (?, ?, ?, ?)[0m  [["key", "schema_sha1"], ["value", "57a8324002fabc678cd44f605bd1e44f98f69c35"], ["created_at", "2021-01-31 01:46:43.277544"], ["updated_at", "2021-01-31 01:46:43.277544"]]
  [1m[36mTRANSACTION (2.0ms)[0m  [1m[36mcommit transaction[0m
  [1m[35m (0.1ms)[0m  [1m[34mSELECT sqlite_version(*)[0m
  [1m[35m (0.1ms)[0m  [1m[34mSELECT "schema_migrations"."version" FROM "schema_migrations" ORDER BY "schema_migrations"."version" ASC[0m
  [1m[35m (0.4ms)[0m  [1m[34mSELECT sqlite_version(*)[0m
  [1m[35m (0.1ms)[0m  [1m[34mSELECT "schema_migrations"."version" FROM "schema_migrations" ORDER BY "schema_migrations"."version" ASC[0m
Migrating to CreateWidgets (20210131014553)
  [1m[36mTRANSACTION (0.1ms)[0m  [1m[36mbegin transaction[0m
  [1m[35m (0.4ms)[0m  [1m[35mCREATE TABLE "widgets" ("id" integer PRIMARY KEY AUTOINCREMENT NOT NULL, "model" varchar, "color" varchar, "runcible" boolean, "created_at" datetime(6) NOT NULL, "updated_at" datetime(6) NOT NULL)[0m
  [1m[36mTRANSACTION (0.0ms)[0m  [1m[31mrollback transaction[0m
  [1m[35m (0.4ms)[0m  [1m[34mSELECT sqlite_version(*)[0m
  [1m[35m (0.1ms)[0m  [1m[34mSELECT "schema_migrations"."version" FROM "schema_migrations" ORDER BY "schema_migrations"."version" ASC[0m
  [1m[35m (0.1ms)[0m  [1m[34mSELECT "ar_internal_metadata"."value" FROM "ar_internal_metadata" WHERE "ar_internal_metadata"."key" = ?[0m  [["key", "environment"]]
  [1m[35m (0.1ms)[0m  [1m[34mSELECT "schema_migrations"."version" FROM "schema_migrations" ORDER BY "schema_migrations"."version" ASC[0m
  [1m[35m (0.1ms)[0m  [1m[34mSELECT "ar_internal_metadata"."value" FROM "ar_internal_metadata" WHERE "ar_internal_metadata"."key" = ?[0m  [["key", "environment"]]
  [1m[35m (0.1ms)[0m  [1m[34mSELECT "schema_migrations"."version" FROM "schema_migrations" ORDER BY "schema_migrations"."version" ASC[0m
  [1m[35m (0.1ms)[0m  [1m[34mSELECT "ar_internal_metadata"."value" FROM "ar_internal_metadata" WHERE "ar_internal_metadata"."key" = ?[0m  [["key", "environment"]]
  [1m[35m (0.5ms)[0m  [1m[34mSELECT sqlite_version(*)[0m
  [1m[35m (8.1ms)[0m  [1m[35mCREATE TABLE "schema_migrations" ("version" varchar NOT NULL PRIMARY KEY)[0m
  [1m[35m (3.2ms)[0m  [1m[35mCREATE TABLE "ar_internal_metadata" ("key" varchar NOT NULL PRIMARY KEY, "value" varchar, "created_at" datetime(6) NOT NULL, "updated_at" datetime(6) NOT NULL)[0m
  [1m[35m (0.1ms)[0m  [1m[34mSELECT "schema_migrations"."version" FROM "schema_migrations" ORDER BY "schema_migrations"."version" ASC[0m
Migrating to CreateWidgets (20210131014553)
  [1m[36mTRANSACTION (0.1ms)[0m  [1m[36mbegin transaction[0m
  [1m[35m (0.4ms)[0m  [1m[35mCREATE TABLE "widgets" ("id" integer PRIMARY KEY AUTOINCREMENT NOT NULL, "model" varchar, "color" varchar, "runcible" boolean, "created_at" datetime(6) NOT NULL, "updated_at" datetime(6) NOT NULL)[0m
  [1m[36mActiveRecord::SchemaMigration Create (0.2ms)[0m  [1m[32mINSERT INTO "schema_migrations" ("version") VALUES (?)[0m  [["version", "20210131014553"]]
  [1m[36mTRANSACTION (3.4ms)[0m  [1m[36mcommit transaction[0m
  [1m[36mActiveRecord::InternalMetadata Load (0.2ms)[0m  [1m[34mSELECT "ar_internal_metadata".* FROM "ar_internal_metadata" WHERE "ar_internal_metadata"."key" = ? LIMIT ?[0m  [["key", "environment"], ["LIMIT", 1]]
  [1m[36mTRANSACTION (0.1ms)[0m  [1m[36mbegin transaction[0m
  [1m[36mActiveRecord::InternalMetadata Create (0.4ms)[0m  [1m[32mINSERT INTO "ar_internal_metadata" ("key", "value", "created_at", "updated_at") VALUES (?, ?, ?, ?)[0m  [["key", "environment"], ["value", "development"], ["created_at", "2021-01-31 01:48:03.273877"], ["updated_at", "2021-01-31 01:48:03.273877"]]
  [1m[36mTRANSACTION (2.2ms)[0m  [1m[36mcommit transaction[0m
  [1m[35m (0.1ms)[0m  [1m[34mSELECT sqlite_version(*)[0m
  [1m[35m (0.1ms)[0m  [1m[34mSELECT "schema_migrations"."version" FROM "schema_migrations" ORDER BY "schema_migrations"."version" ASC[0m
  [1m[35m (0.4ms)[0m  [1m[34mSELECT sqlite_version(*)[0m
  [1m[35m (0.1ms)[0m  [1m[34mSELECT "schema_migrations"."version" FROM "schema_migrations" ORDER BY "schema_migrations"."version" ASC[0m
  [1m[35m (0.1ms)[0m  [1m[34mSELECT "schema_migrations"."version" FROM "schema_migrations" ORDER BY "schema_migrations"."version" ASC[0m
  [1m[35m (0.1ms)[0m  [1m[34mSELECT "schema_migrations"."version" FROM "schema_migrations" ORDER BY "schema_migrations"."version" ASC[0m
  [1m[35m (0.1ms)[0m  [1m[34mSELECT "schema_migrations"."version" FROM "schema_migrations" ORDER BY "schema_migrations"."version" ASC[0m
Migrating to CreateWidgets (20210131014553)
  [1m[36mTRANSACTION (0.1ms)[0m  [1m[36mbegin transaction[0m
  [1m[35m (0.3ms)[0m  [1m[35mDROP TABLE "widgets"[0m
  [1m[36mActiveRecord::SchemaMigration Destroy (0.2ms)[0m  [1m[31mDELETE FROM "schema_migrations" WHERE "schema_migrations"."version" = ?[0m  [["version", "20210131014553"]]
  [1m[36mTRANSACTION (3.1ms)[0m  [1m[36mcommit transaction[0m
  [1m[35m (0.1ms)[0m  [1m[34mSELECT sqlite_version(*)[0m
  [1m[35m (0.1ms)[0m  [1m[34mSELECT "schema_migrations"."version" FROM "schema_migrations" ORDER BY "schema_migrations"."version" ASC[0m
Started GET "/widgets" for 127.0.0.1 at 2021-01-30 22:08:01 -0700
  [1m[35m (0.5ms)[0m  [1m[34mSELECT sqlite_version(*)[0m
  [1m[35m (0.2ms)[0m  [1m[34mSELECT "schema_migrations"."version" FROM "schema_migrations" ORDER BY "schema_migrations"."version" ASC[0m
  [1m[35mCACHE  (0.0ms)[0m  [1m[34mSELECT "schema_migrations"."version" FROM "schema_migrations" ORDER BY "schema_migrations"."version" ASC[0m
  
ActiveRecord::PendingMigrationError (

Migrations are pending. To resolve this issue, run:

        bin/rails db:migrate RAILS_ENV=development

You have 1 pending migration:

20210131015122_create_widgets.rb


):
  
activerecord (6.1.1) lib/active_record/migration.rb:625:in `check_pending!'
activerecord (6.1.1) lib/active_record/migration.rb:590:in `block (2 levels) in call'
activesupport (6.1.1) lib/active_support/evented_file_update_checker.rb:59:in `execute'
activerecord (6.1.1) lib/active_record/migration.rb:595:in `block in call'
activerecord (6.1.1) lib/active_record/migration.rb:587:in `synchronize'
activerecord (6.1.1) lib/active_record/migration.rb:587:in `call'
actionpack (6.1.1) lib/action_dispatch/middleware/callbacks.rb:27:in `block in call'
activesupport (6.1.1) lib/active_support/callbacks.rb:98:in `run_callbacks'
actionpack (6.1.1) lib/action_dispatch/middleware/callbacks.rb:26:in `call'
actionpack (6.1.1) lib/action_dispatch/middleware/executor.rb:14:in `call'
actionpack (6.1.1) lib/action_dispatch/middleware/actionable_exceptions.rb:18:in `call'
actionpack (6.1.1) lib/action_dispatch/middleware/debug_exceptions.rb:29:in `call'
web-console (4.1.0) lib/web_console/middleware.rb:132:in `call_app'
web-console (4.1.0) lib/web_console/middleware.rb:28:in `block in call'
web-console (4.1.0) lib/web_console/middleware.rb:17:in `catch'
web-console (4.1.0) lib/web_console/middleware.rb:17:in `call'
actionpack (6.1.1) lib/action_dispatch/middleware/show_exceptions.rb:33:in `call'
railties (6.1.1) lib/rails/rack/logger.rb:37:in `call_app'
railties (6.1.1) lib/rails/rack/logger.rb:26:in `block in call'
activesupport (6.1.1) lib/active_support/tagged_logging.rb:99:in `block in tagged'
activesupport (6.1.1) lib/active_support/tagged_logging.rb:37:in `tagged'
activesupport (6.1.1) lib/active_support/tagged_logging.rb:99:in `tagged'
railties (6.1.1) lib/rails/rack/logger.rb:26:in `call'
sprockets-rails (3.2.2) lib/sprockets/rails/quiet_assets.rb:13:in `call'
actionpack (6.1.1) lib/action_dispatch/middleware/remote_ip.rb:81:in `call'
actionpack (6.1.1) lib/action_dispatch/middleware/request_id.rb:26:in `call'
rack (2.2.3) lib/rack/method_override.rb:24:in `call'
rack (2.2.3) lib/rack/runtime.rb:22:in `call'
activesupport (6.1.1) lib/active_support/cache/strategy/local_cache_middleware.rb:29:in `call'
actionpack (6.1.1) lib/action_dispatch/middleware/executor.rb:14:in `call'
actionpack (6.1.1) lib/action_dispatch/middleware/static.rb:24:in `call'
rack (2.2.3) lib/rack/sendfile.rb:110:in `call'
actionpack (6.1.1) lib/action_dispatch/middleware/host_authorization.rb:98:in `call'
rack-mini-profiler (2.3.1) lib/mini_profiler/profiler.rb:373:in `call'
webpacker (5.2.1) lib/webpacker/dev_server_proxy.rb:25:in `perform_request'
rack-proxy (0.6.5) lib/rack/proxy.rb:57:in `call'
railties (6.1.1) lib/rails/engine.rb:539:in `call'
puma (5.2.0) lib/puma/configuration.rb:247:in `call'
puma (5.2.0) lib/puma/request.rb:76:in `block in handle_request'
puma (5.2.0) lib/puma/thread_pool.rb:337:in `with_force_shutdown'
puma (5.2.0) lib/puma/request.rb:75:in `handle_request'
puma (5.2.0) lib/puma/server.rb:432:in `process_client'
puma (5.2.0) lib/puma/thread_pool.rb:145:in `block in spawn_thread'
  [1m[35m (0.4ms)[0m  [1m[34mSELECT sqlite_version(*)[0m
  [1m[35m (0.1ms)[0m  [1m[34mSELECT "schema_migrations"."version" FROM "schema_migrations" ORDER BY "schema_migrations"."version" ASC[0m
Migrating to CreateWidgets (20210131015122)
  [1m[36mTRANSACTION (0.1ms)[0m  [1m[36mbegin transaction[0m
  [1m[35m (0.6ms)[0m  [1m[35mCREATE TABLE "widgets" ("id" integer PRIMARY KEY AUTOINCREMENT NOT NULL, "style" varchar, "color" varchar, "runcible" boolean, "created_at" datetime(6) NOT NULL, "updated_at" datetime(6) NOT NULL)[0m
  [1m[36mActiveRecord::SchemaMigration Create (0.5ms)[0m  [1m[32mINSERT INTO "schema_migrations" ("version") VALUES (?)[0m  [["version", "20210131015122"]]
  [1m[36mTRANSACTION (2.1ms)[0m  [1m[36mcommit transaction[0m
  [1m[36mActiveRecord::InternalMetadata Load (0.5ms)[0m  [1m[34mSELECT "ar_internal_metadata".* FROM "ar_internal_metadata" WHERE "ar_internal_metadata"."key" = ? LIMIT ?[0m  [["key", "environment"], ["LIMIT", 1]]
  [1m[35m (0.1ms)[0m  [1m[34mSELECT sqlite_version(*)[0m
  [1m[35m (0.1ms)[0m  [1m[34mSELECT "schema_migrations"."version" FROM "schema_migrations" ORDER BY "schema_migrations"."version" ASC[0m
Started GET "/widgets" for 127.0.0.1 at 2021-01-30 22:08:24 -0700
  [1m[35m (0.5ms)[0m  [1m[34mSELECT sqlite_version(*)[0m
  [1m[35m (0.2ms)[0m  [1m[34mSELECT "schema_migrations"."version" FROM "schema_migrations" ORDER BY "schema_migrations"."version" ASC[0m
Processing by WidgetsController#index as HTML
  Rendering layout layouts/application.html.erb
  Rendering widgets/index.html.erb within layouts/application
  [1m[36mWidget Load (0.2ms)[0m  [1m[34mSELECT "widgets".* FROM "widgets"[0m
  ↳ app/views/widgets/index.html.erb:16
  Rendered widgets/index.html.erb within layouts/application (Duration: 4.2ms | Allocations: 1176)
[Webpacker] Compiling...
Started GET "/" for 127.0.0.1 at 2021-01-30 22:08:29 -0700
Processing by WidgetsController#index as HTML
  Rendering layout layouts/application.html.erb
  Rendering widgets/index.html.erb within layouts/application
  [1m[35m (0.1ms)[0m  [1m[34mSELECT sqlite_version(*)[0m
  ↳ app/views/widgets/index.html.erb:16
  [1m[36mWidget Load (0.3ms)[0m  [1m[34mSELECT "widgets".* FROM "widgets"[0m
  ↳ app/views/widgets/index.html.erb:16
  Rendered widgets/index.html.erb within layouts/application (Duration: 6.5ms | Allocations: 1480)
[Webpacker] Compiling...
Started GET "/widgets" for 127.0.0.1 at 2021-01-30 22:08:30 -0700
Processing by WidgetsController#index as HTML
  Rendering layout layouts/application.html.erb
  Rendering widgets/index.html.erb within layouts/application
  [1m[35m (0.1ms)[0m  [1m[34mSELECT sqlite_version(*)[0m
  ↳ app/views/widgets/index.html.erb:16
  [1m[36mWidget Load (0.3ms)[0m  [1m[34mSELECT "widgets".* FROM "widgets"[0m
  ↳ app/views/widgets/index.html.erb:16
  Rendered widgets/index.html.erb within layouts/application (Duration: 7.9ms | Allocations: 1475)
[Webpacker] Compiling...
[Webpacker] Compiled all packs in /home/tthorley/repos/modest-vue-for-your-html/public/packs
[Webpacker] Hash: 15850d7c48667012bdfc
Version: webpack 4.46.0
Time: 5878ms
Built at: 01/30/2021 10:08:32 PM
                                     Asset       Size       Chunks                         Chunk Names
    js/application-eb7cf7b4a14651f3f1ef.js    766 KiB  application  [emitted] [immutable]  application
js/application-eb7cf7b4a14651f3f1ef.js.map    774 KiB  application  [emitted] [dev]        application
                             manifest.json  364 bytes               [emitted]              
Entrypoint application = js/application-eb7cf7b4a14651f3f1ef.js js/application-eb7cf7b4a14651f3f1ef.js.map
[./app/javascript/channels sync recursive _channel\.js$] ./app/javascript/channels sync _channel\.js$ 160 bytes {application} [built]
[./app/javascript/channels/index.js] 211 bytes {application} [built]
[./app/javascript/packs/application.js] 800 bytes {application} [built]
[./node_modules/webpack/buildin/global.js] (webpack)/buildin/global.js 905 bytes {application} [built]
[./node_modules/webpack/buildin/module.js] (webpack)/buildin/module.js 552 bytes {application} [built]
    + 11 hidden modules

  Rendered layout layouts/application.html.erb (Duration: 8081.9ms | Allocations: 21538)
Completed 200 OK in 8101ms (Views: 8084.5ms | ActiveRecord: 0.2ms | Allocations: 24659)


[Webpacker] Compiled all packs in /home/tthorley/repos/modest-vue-for-your-html/public/packs
[Webpacker] Hash: 15850d7c48667012bdfc
Version: webpack 4.46.0
Time: 1377ms
Built at: 01/30/2021 10:08:33 PM
                                     Asset       Size       Chunks                         Chunk Names
    js/application-eb7cf7b4a14651f3f1ef.js    766 KiB  application  [emitted] [immutable]  application
js/application-eb7cf7b4a14651f3f1ef.js.map    774 KiB  application  [emitted] [dev]        application
                             manifest.json  364 bytes               [emitted]              
Entrypoint application = js/application-eb7cf7b4a14651f3f1ef.js js/application-eb7cf7b4a14651f3f1ef.js.map
[./app/javascript/channels sync recursive _channel\.js$] ./app/javascript/channels sync _channel\.js$ 160 bytes {application} [built]
[./app/javascript/channels/index.js] 211 bytes {application} [built]
[./app/javascript/packs/application.js] 800 bytes {application} [built]
[./node_modules/webpack/buildin/global.js] (webpack)/buildin/global.js 905 bytes {application} [built]
[./node_modules/webpack/buildin/module.js] (webpack)/buildin/module.js 552 bytes {application} [built]
    + 11 hidden modules

  Rendered layout layouts/application.html.erb (Duration: 3145.4ms | Allocations: 15039)
Completed 200 OK in 3147ms (Views: 3145.3ms | ActiveRecord: 0.7ms | Allocations: 15469)


[Webpacker] Compiled all packs in /home/tthorley/repos/modest-vue-for-your-html/public/packs
[Webpacker] Hash: 15850d7c48667012bdfc
Version: webpack 4.46.0
Time: 1432ms
Built at: 01/30/2021 10:08:33 PM
                                     Asset       Size       Chunks                         Chunk Names
    js/application-eb7cf7b4a14651f3f1ef.js    766 KiB  application  [emitted] [immutable]  application
js/application-eb7cf7b4a14651f3f1ef.js.map    774 KiB  application  [emitted] [dev]        application
                             manifest.json  364 bytes               [emitted]              
Entrypoint application = js/application-eb7cf7b4a14651f3f1ef.js js/application-eb7cf7b4a14651f3f1ef.js.map
[./app/javascript/channels sync recursive _channel\.js$] ./app/javascript/channels sync _channel\.js$ 160 bytes {application} [built]
[./app/javascript/channels/index.js] 211 bytes {application} [built]
[./app/javascript/packs/application.js] 800 bytes {application} [built]
[./node_modules/webpack/buildin/global.js] (webpack)/buildin/global.js 905 bytes {application} [built]
[./node_modules/webpack/buildin/module.js] (webpack)/buildin/module.js 552 bytes {application} [built]
    + 11 hidden modules

  Rendered layout layouts/application.html.erb (Duration: 3168.2ms | Allocations: 10717)
Completed 200 OK in 3170ms (Views: 3168.1ms | ActiveRecord: 0.9ms | Allocations: 11146)


Started GET "/widgets" for 127.0.0.1 at 2021-01-31 01:01:51 -0700
Processing by WidgetsController#index as HTML
  Rendering layout layouts/application.html.erb
  Rendering widgets/index.html.erb within layouts/application
  [1m[35m (0.1ms)[0m  [1m[34mSELECT sqlite_version(*)[0m
  ↳ app/views/widgets/index.html.erb:16
  [1m[36mWidget Load (0.3ms)[0m  [1m[34mSELECT "widgets".* FROM "widgets"[0m
  ↳ app/views/widgets/index.html.erb:16
  Rendered widgets/index.html.erb within layouts/application (Duration: 9.5ms | Allocations: 1464)
[Webpacker] Everything's up-to-date. Nothing to do
  Rendered layout layouts/application.html.erb (Duration: 29.9ms | Allocations: 4542)
Completed 200 OK in 32ms (Views: 30.6ms | ActiveRecord: 0.7ms | Allocations: 4962)


Started GET "/" for 127.0.0.1 at 2021-01-31 01:01:57 -0700
Processing by WidgetsController#index as HTML
  Rendering layout layouts/application.html.erb
  Rendering widgets/index.html.erb within layouts/application
  [1m[36mWidget Load (0.3ms)[0m  [1m[34mSELECT "widgets".* FROM "widgets"[0m
  ↳ app/views/widgets/index.html.erb:16
  Rendered widgets/index.html.erb within layouts/application (Duration: 7.1ms | Allocations: 726)
[Webpacker] Everything's up-to-date. Nothing to do
  Rendered layout layouts/application.html.erb (Duration: 23.7ms | Allocations: 3804)
Completed 200 OK in 27ms (Views: 25.6ms | ActiveRecord: 0.3ms | Allocations: 4224)


Started GET "/widgets/new" for 127.0.0.1 at 2021-01-31 01:02:00 -0700
Processing by WidgetsController#new as HTML
  Rendering layout layouts/application.html.erb
  Rendering widgets/new.html.erb within layouts/application
  Rendered widgets/_form.html.erb (Duration: 132.4ms | Allocations: 5006)
  Rendered widgets/new.html.erb within layouts/application (Duration: 135.6ms | Allocations: 5376)
[Webpacker] Everything's up-to-date. Nothing to do
  Rendered layout layouts/application.html.erb (Duration: 148.9ms | Allocations: 8358)
Completed 200 OK in 177ms (Views: 150.6ms | ActiveRecord: 2.1ms | Allocations: 12972)


Started POST "/widgets" for 127.0.0.1 at 2021-01-31 01:02:11 -0700
Processing by WidgetsController#create as HTML
  Parameters: {"authenticity_token"=>"[FILTERED]", "widget"=>{"style"=>"j;lj;", "color"=>"Red", "runcible"=>"1"}, "commit"=>"Create Widget"}
  [1m[36mTRANSACTION (0.2ms)[0m  [1m[36mbegin transaction[0m
  ↳ app/controllers/widgets_controller.rb:27:in `block in create'
  [1m[36mWidget Create (7.8ms)[0m  [1m[32mINSERT INTO "widgets" ("style", "color", "runcible", "created_at", "updated_at") VALUES (?, ?, ?, ?, ?)[0m  [["style", "j;lj;"], ["color", "Red"], ["runcible", 1], ["created_at", "2021-01-31 08:02:11.281856"], ["updated_at", "2021-01-31 08:02:11.281856"]]
  ↳ app/controllers/widgets_controller.rb:27:in `block in create'
  [1m[36mTRANSACTION (5.5ms)[0m  [1m[36mcommit transaction[0m
  ↳ app/controllers/widgets_controller.rb:27:in `block in create'
Redirected to http://localhost:3000/widgets/1
Completed 302 Found in 39ms (ActiveRecord: 13.4ms | Allocations: 4832)


Started GET "/widgets/1" for 127.0.0.1 at 2021-01-31 01:02:11 -0700
Processing by WidgetsController#show as HTML
  Parameters: {"id"=>"1"}
  [1m[36mWidget Load (0.5ms)[0m  [1m[34mSELECT "widgets".* FROM "widgets" WHERE "widgets"."id" = ? LIMIT ?[0m  [["id", 1], ["LIMIT", 1]]
  ↳ app/controllers/widgets_controller.rb:62:in `set_widget'
  Rendering layout layouts/application.html.erb
  Rendering widgets/show.html.erb within layouts/application
  Rendered widgets/show.html.erb within layouts/application (Duration: 3.0ms | Allocations: 301)
[Webpacker] Everything's up-to-date. Nothing to do
  Rendered layout layouts/application.html.erb (Duration: 14.7ms | Allocations: 3380)
Completed 200 OK in 29ms (Views: 16.1ms | ActiveRecord: 0.5ms | Allocations: 4932)


Started GET "/widgets" for 127.0.0.1 at 2021-01-31 01:02:15 -0700
Processing by WidgetsController#index as HTML
  Rendering layout layouts/application.html.erb
  Rendering widgets/index.html.erb within layouts/application
  [1m[36mWidget Load (0.3ms)[0m  [1m[34mSELECT "widgets".* FROM "widgets"[0m
  ↳ app/views/widgets/index.html.erb:16
  Rendered widgets/index.html.erb within layouts/application (Duration: 6.7ms | Allocations: 837)
[Webpacker] Everything's up-to-date. Nothing to do
  Rendered layout layouts/application.html.erb (Duration: 23.2ms | Allocations: 3915)
Completed 200 OK in 26ms (Views: 24.4ms | ActiveRecord: 0.3ms | Allocations: 4342)


Started GET "/" for 127.0.0.1 at 2021-01-31 01:03:12 -0700
  [1m[35m (0.7ms)[0m  [1m[34mSELECT sqlite_version(*)[0m
  [1m[35m (0.3ms)[0m  [1m[34mSELECT "schema_migrations"."version" FROM "schema_migrations" ORDER BY "schema_migrations"."version" ASC[0m
Processing by WidgetsController#index as HTML
  Rendering layout layouts/application.html.erb
  Rendering widgets/index.html.erb within layouts/application
  [1m[36mWidget Load (0.2ms)[0m  [1m[34mSELECT "widgets".* FROM "widgets"[0m
  ↳ app/views/widgets/index.html.erb:16
  Rendered widgets/index.html.erb within layouts/application (Duration: 11.9ms | Allocations: 5304)
[Webpacker] Everything's up-to-date. Nothing to do
  Rendered layout layouts/application.html.erb (Duration: 29.9ms | Allocations: 10931)
Completed 200 OK in 53ms (Views: 33.6ms | ActiveRecord: 0.8ms | Allocations: 14013)


Started GET "/widgets/1/edit" for 127.0.0.1 at 2021-01-31 01:03:17 -0700
Processing by WidgetsController#edit as HTML
  Parameters: {"id"=>"1"}
  [1m[36mWidget Load (0.6ms)[0m  [1m[34mSELECT "widgets".* FROM "widgets" WHERE "widgets"."id" = ? LIMIT ?[0m  [["id", 1], ["LIMIT", 1]]
  ↳ app/controllers/widgets_controller.rb:62:in `set_widget'
  Rendering layout layouts/application.html.erb
  Rendering widgets/edit.html.erb within layouts/application
  Rendered widgets/_form.html.erb (Duration: 19.5ms | Allocations: 3136)
  Rendered widgets/edit.html.erb within layouts/application (Duration: 24.4ms | Allocations: 3544)
[Webpacker] Everything's up-to-date. Nothing to do
  Rendered layout layouts/application.html.erb (Duration: 38.1ms | Allocations: 6622)
Completed 200 OK in 51ms (Views: 40.0ms | ActiveRecord: 0.6ms | Allocations: 8191)


Started GET "/widgets/1/edit" for 127.0.0.1 at 2021-01-31 01:05:43 -0700
Processing by WidgetsController#edit as HTML
  Parameters: {"id"=>"1"}
  [1m[36mWidget Load (0.2ms)[0m  [1m[34mSELECT "widgets".* FROM "widgets" WHERE "widgets"."id" = ? LIMIT ?[0m  [["id", 1], ["LIMIT", 1]]
  ↳ app/controllers/widgets_controller.rb:62:in `set_widget'
  Rendering layout layouts/application.html.erb
  Rendering widgets/edit.html.erb within layouts/application
  Rendered widgets/_form.html.erb (Duration: 4.0ms | Allocations: 916)
  Rendered widgets/edit.html.erb within layouts/application (Duration: 4.8ms | Allocations: 1057)
[Webpacker] Compiling...
[Webpacker] Compiled all packs in /home/tthorley/repos/modest-vue-for-your-html/public/packs
[Webpacker] Hash: 6e1a002627ea0ae6ae24
Version: webpack 4.46.0
Time: 1573ms
Built at: 01/31/2021 1:05:47 AM
                                     Asset       Size       Chunks                         Chunk Names
    js/application-f7f724aeb5137c0f3392.js    766 KiB  application  [emitted] [immutable]  application
js/application-f7f724aeb5137c0f3392.js.map    774 KiB  application  [emitted] [dev]        application
                             manifest.json  364 bytes               [emitted]              
Entrypoint application = js/application-f7f724aeb5137c0f3392.js js/application-f7f724aeb5137c0f3392.js.map
[./app/javascript/channels sync recursive _channel\.js$] ./app/javascript/channels sync _channel\.js$ 160 bytes {application} [built]
[./app/javascript/channels/index.js] 211 bytes {application} [built]
[./app/javascript/packs/application.js] 800 bytes {application} [built]
[./node_modules/webpack/buildin/global.js] (webpack)/buildin/global.js 905 bytes {application} [built]
[./node_modules/webpack/buildin/module.js] (webpack)/buildin/module.js 552 bytes {application} [built]
    + 11 hidden modules

  Rendered layout layouts/application.html.erb (Duration: 3892.4ms | Allocations: 5406)
Completed 200 OK in 3898ms (Views: 3893.2ms | ActiveRecord: 0.2ms | Allocations: 6410)


Started GET "/widgets/1/edit" for 127.0.0.1 at 2021-01-31 01:19:20 -0700
  [1m[35m (0.5ms)[0m  [1m[34mSELECT sqlite_version(*)[0m
  [1m[35m (0.2ms)[0m  [1m[34mSELECT "schema_migrations"."version" FROM "schema_migrations" ORDER BY "schema_migrations"."version" ASC[0m
Processing by WidgetsController#edit as HTML
  Parameters: {"id"=>"1"}
  [1m[36mWidget Load (0.2ms)[0m  [1m[34mSELECT "widgets".* FROM "widgets" WHERE "widgets"."id" = ? LIMIT ?[0m  [["id", 1], ["LIMIT", 1]]
  ↳ app/controllers/widgets_controller.rb:62:in `set_widget'
  Rendering layout layouts/application.html.erb
  Rendering widgets/edit.html.erb within layouts/application
  Rendered widgets/_form.html.erb (Duration: 8.3ms | Allocations: 3524)
  Rendered widgets/edit.html.erb within layouts/application (Duration: 9.9ms | Allocations: 4006)
  Rendered layout layouts/application.html.erb (Duration: 10.1ms | Allocations: 4091)
Completed 500 Internal Server Error in 40ms (ActiveRecord: 0.8ms | Allocations: 12086)


  
ActionView::Template::Error (wrong number of arguments (given 3, expected 1..2)):
    14: 
    15:   <div class="field">
    16:     <%= form.label :style %>
    17:     <%= form.text_field :style, {}, "@blur" => "log('it got blurry')" %>
    18:   </div>
    19: 
    20:   <div class="field">
  
app/views/widgets/_form.html.erb:17
app/views/widgets/_form.html.erb:2
app/views/widgets/edit.html.erb:3
Started GET "/widgets/1/edit" for 127.0.0.1 at 2021-01-31 01:19:40 -0700
Processing by WidgetsController#edit as HTML
  Parameters: {"id"=>"1"}
  [1m[36mWidget Load (0.4ms)[0m  [1m[34mSELECT "widgets".* FROM "widgets" WHERE "widgets"."id" = ? LIMIT ?[0m  [["id", 1], ["LIMIT", 1]]
  ↳ app/controllers/widgets_controller.rb:62:in `set_widget'
  Rendering layout layouts/application.html.erb
  Rendering widgets/edit.html.erb within layouts/application
  Rendered widgets/_form.html.erb (Duration: 27.9ms | Allocations: 3647)
  Rendered widgets/edit.html.erb within layouts/application (Duration: 31.1ms | Allocations: 4052)
[Webpacker] Compiling...
[Webpacker] Compiled all packs in /home/tthorley/repos/modest-vue-for-your-html/public/packs
[Webpacker] Hash: 5c4c96830e920a294319
Version: webpack 4.46.0
Time: 1356ms
Built at: 01/31/2021 1:19:43 AM
                                     Asset       Size       Chunks                         Chunk Names
    js/application-50df8cdd3fb3d3cf36cd.js    766 KiB  application  [emitted] [immutable]  application
js/application-50df8cdd3fb3d3cf36cd.js.map    774 KiB  application  [emitted] [dev]        application
                             manifest.json  364 bytes               [emitted]              
Entrypoint application = js/application-50df8cdd3fb3d3cf36cd.js js/application-50df8cdd3fb3d3cf36cd.js.map
[./app/javascript/channels sync recursive _channel\.js$] ./app/javascript/channels sync _channel\.js$ 160 bytes {application} [built]
[./app/javascript/channels/index.js] 211 bytes {application} [built]
[./app/javascript/packs/application.js] 800 bytes {application} [built]
[./node_modules/webpack/buildin/global.js] (webpack)/buildin/global.js 905 bytes {application} [built]
[./node_modules/webpack/buildin/module.js] (webpack)/buildin/module.js 552 bytes {application} [built]
    + 11 hidden modules

  Rendered layout layouts/application.html.erb (Duration: 2886.3ms | Allocations: 10853)
Completed 200 OK in 2899ms (Views: 2890.6ms | ActiveRecord: 0.4ms | Allocations: 12746)


Started GET "/widgets/1/edit" for 127.0.0.1 at 2021-01-31 01:24:35 -0700
Processing by WidgetsController#edit as HTML
  Parameters: {"id"=>"1"}
  [1m[36mWidget Load (0.5ms)[0m  [1m[34mSELECT "widgets".* FROM "widgets" WHERE "widgets"."id" = ? LIMIT ?[0m  [["id", 1], ["LIMIT", 1]]
  ↳ app/controllers/widgets_controller.rb:62:in `set_widget'
  Rendering layout layouts/application.html.erb
  Rendering widgets/edit.html.erb within layouts/application
  Rendered widgets/_form.html.erb (Duration: 5.1ms | Allocations: 925)
  Rendered widgets/edit.html.erb within layouts/application (Duration: 6.2ms | Allocations: 1069)
[Webpacker] Everything's up-to-date. Nothing to do
  Rendered layout layouts/application.html.erb (Duration: 20.2ms | Allocations: 4148)
Completed 200 OK in 28ms (Views: 21.5ms | ActiveRecord: 0.5ms | Allocations: 5134)


Started GET "/widgets/1/edit" for 127.0.0.1 at 2021-01-31 01:43:04 -0700
Processing by WidgetsController#edit as HTML
  Parameters: {"id"=>"1"}
  [1m[35m (0.4ms)[0m  [1m[34mSELECT sqlite_version(*)[0m
  ↳ app/controllers/widgets_controller.rb:62:in `set_widget'
  [1m[36mWidget Load (0.7ms)[0m  [1m[34mSELECT "widgets".* FROM "widgets" WHERE "widgets"."id" = ? LIMIT ?[0m  [["id", 1], ["LIMIT", 1]]
  ↳ app/controllers/widgets_controller.rb:62:in `set_widget'
  Rendering layout layouts/application.html.erb
  Rendering widgets/edit.html.erb within layouts/application
  Rendered widgets/_form.html.erb (Duration: 9.6ms | Allocations: 1280)
  Rendered widgets/edit.html.erb within layouts/application (Duration: 13.8ms | Allocations: 1685)
[Webpacker] Compiling...
[Webpacker] Compiled all packs in /home/tthorley/repos/modest-vue-for-your-html/public/packs
[Webpacker] Hash: e95c76a8c4857b3bec41
Version: webpack 4.46.0
Time: 1325ms
Built at: 01/31/2021 1:43:07 AM
                                     Asset       Size       Chunks                         Chunk Names
    js/application-9d44fdfa26f7d6aa9b8e.js    766 KiB  application  [emitted] [immutable]  application
js/application-9d44fdfa26f7d6aa9b8e.js.map    774 KiB  application  [emitted] [dev]        application
                             manifest.json  364 bytes               [emitted]              
Entrypoint application = js/application-9d44fdfa26f7d6aa9b8e.js js/application-9d44fdfa26f7d6aa9b8e.js.map
[./app/javascript/channels sync recursive _channel\.js$] ./app/javascript/channels sync _channel\.js$ 160 bytes {application} [built]
[./app/javascript/channels/index.js] 211 bytes {application} [built]
[./app/javascript/packs/application.js] 800 bytes {application} [built]
[./node_modules/webpack/buildin/global.js] (webpack)/buildin/global.js 905 bytes {application} [built]
[./node_modules/webpack/buildin/module.js] (webpack)/buildin/module.js 552 bytes {application} [built]
    + 11 hidden modules

  Rendered layout layouts/application.html.erb (Duration: 2816.1ms | Allocations: 6185)
Completed 200 OK in 2840ms (Views: 2822.1ms | ActiveRecord: 2.1ms | Allocations: 8572)


Started GET "/widgets/1/edit" for 127.0.0.1 at 2021-01-31 01:43:26 -0700
Processing by WidgetsController#edit as HTML
  Parameters: {"id"=>"1"}
  [1m[36mWidget Load (0.3ms)[0m  [1m[34mSELECT "widgets".* FROM "widgets" WHERE "widgets"."id" = ? LIMIT ?[0m  [["id", 1], ["LIMIT", 1]]
  ↳ app/controllers/widgets_controller.rb:62:in `set_widget'
  Rendering layout layouts/application.html.erb
  Rendering widgets/edit.html.erb within layouts/application
  Rendered widgets/_form.html.erb (Duration: 7.4ms | Allocations: 1280)
  Rendered widgets/edit.html.erb within layouts/application (Duration: 10.6ms | Allocations: 1679)
[Webpacker] Everything's up-to-date. Nothing to do
  Rendered layout layouts/application.html.erb (Duration: 25.2ms | Allocations: 4934)
Completed 200 OK in 37ms (Views: 29.3ms | ActiveRecord: 0.3ms | Allocations: 6653)


Started GET "/widgets/1/edit" for 127.0.0.1 at 2021-01-31 02:07:01 -0700
Processing by WidgetsController#edit as HTML
  Parameters: {"id"=>"1"}
  [1m[35m (0.4ms)[0m  [1m[34mSELECT sqlite_version(*)[0m
  ↳ app/controllers/widgets_controller.rb:62:in `set_widget'
  [1m[36mWidget Load (0.5ms)[0m  [1m[34mSELECT "widgets".* FROM "widgets" WHERE "widgets"."id" = ? LIMIT ?[0m  [["id", 1], ["LIMIT", 1]]
  ↳ app/controllers/widgets_controller.rb:62:in `set_widget'
  Rendering layout layouts/application.html.erb
  Rendering widgets/edit.html.erb within layouts/application
  Rendered widgets/_form.html.erb (Duration: 5.2ms | Allocations: 925)
  Rendered widgets/edit.html.erb within layouts/application (Duration: 6.4ms | Allocations: 1069)
[Webpacker] Compiling...
[Webpacker] Compiled all packs in /home/tthorley/repos/modest-vue-for-your-html/public/packs
[Webpacker] Hash: 4a5ac604e83e210251bf
Version: webpack 4.46.0
Time: 1549ms
Built at: 01/31/2021 2:07:04 AM
                                     Asset       Size       Chunks                         Chunk Names
    js/application-95392ac92ba0a20bdb7b.js    767 KiB  application  [emitted] [immutable]  application
js/application-95392ac92ba0a20bdb7b.js.map    774 KiB  application  [emitted] [dev]        application
                             manifest.json  364 bytes               [emitted]              
Entrypoint application = js/application-95392ac92ba0a20bdb7b.js js/application-95392ac92ba0a20bdb7b.js.map
[./app/javascript/channels sync recursive _channel\.js$] ./app/javascript/channels sync _channel\.js$ 160 bytes {application} [built]
[./app/javascript/channels/index.js] 211 bytes {application} [built]
[./app/javascript/packs/application.js] 800 bytes {application} [built]
[./node_modules/webpack/buildin/global.js] (webpack)/buildin/global.js 905 bytes {application} [built]
[./node_modules/webpack/buildin/module.js] (webpack)/buildin/module.js 552 bytes {application} [built]
    + 11 hidden modules

  Rendered layout layouts/application.html.erb (Duration: 3114.9ms | Allocations: 5388)
Completed 200 OK in 3130ms (Views: 3116.2ms | ActiveRecord: 1.7ms | Allocations: 7024)


Started GET "/widgets/1/edit" for 127.0.0.1 at 2021-01-31 02:08:30 -0700
Processing by WidgetsController#edit as HTML
  Parameters: {"id"=>"1"}
  [1m[36mWidget Load (0.3ms)[0m  [1m[34mSELECT "widgets".* FROM "widgets" WHERE "widgets"."id" = ? LIMIT ?[0m  [["id", 1], ["LIMIT", 1]]
  ↳ app/controllers/widgets_controller.rb:62:in `set_widget'
  Rendering layout layouts/application.html.erb
  Rendering widgets/edit.html.erb within layouts/application
  Rendered widgets/_form.html.erb (Duration: 4.9ms | Allocations: 919)
  Rendered widgets/edit.html.erb within layouts/application (Duration: 5.9ms | Allocations: 1060)
[Webpacker] Everything's up-to-date. Nothing to do
  Rendered layout layouts/application.html.erb (Duration: 16.5ms | Allocations: 4138)
Completed 200 OK in 23ms (Views: 17.7ms | ActiveRecord: 0.3ms | Allocations: 5123)


Started GET "/widgets/1/edit" for 127.0.0.1 at 2021-01-31 02:26:30 -0700
Processing by WidgetsController#edit as HTML
  Parameters: {"id"=>"1"}
  [1m[35m (0.2ms)[0m  [1m[34mSELECT sqlite_version(*)[0m
  ↳ app/controllers/widgets_controller.rb:62:in `set_widget'
  [1m[36mWidget Load (0.4ms)[0m  [1m[34mSELECT "widgets".* FROM "widgets" WHERE "widgets"."id" = ? LIMIT ?[0m  [["id", 1], ["LIMIT", 1]]
  ↳ app/controllers/widgets_controller.rb:62:in `set_widget'
  Rendering layout layouts/application.html.erb
  Rendering widgets/edit.html.erb within layouts/application
  Rendered widgets/_form.html.erb (Duration: 9.5ms | Allocations: 1281)
  Rendered widgets/edit.html.erb within layouts/application (Duration: 12.8ms | Allocations: 1686)
[Webpacker] Compiling...
[Webpacker] Compiled all packs in /home/tthorley/repos/modest-vue-for-your-html/public/packs
[Webpacker] Hash: e1f9a3c99658305edc9b
Version: webpack 4.46.0
Time: 1326ms
Built at: 01/31/2021 2:26:33 AM
                                     Asset       Size       Chunks                         Chunk Names
    js/application-40c92269c7c1c16caac1.js    767 KiB  application  [emitted] [immutable]  application
js/application-40c92269c7c1c16caac1.js.map    774 KiB  application  [emitted] [dev]        application
                             manifest.json  364 bytes               [emitted]              
Entrypoint application = js/application-40c92269c7c1c16caac1.js js/application-40c92269c7c1c16caac1.js.map
[./app/javascript/channels sync recursive _channel\.js$] ./app/javascript/channels sync _channel\.js$ 160 bytes {application} [built]
[./app/javascript/channels/index.js] 211 bytes {application} [built]
[./app/javascript/packs/application.js] 800 bytes {application} [built]
[./node_modules/webpack/buildin/global.js] (webpack)/buildin/global.js 905 bytes {application} [built]
[./node_modules/webpack/buildin/module.js] (webpack)/buildin/module.js 552 bytes {application} [built]
    + 11 hidden modules

  Rendered layout layouts/application.html.erb (Duration: 2927.5ms | Allocations: 6186)
Completed 200 OK in 2944ms (Views: 2931.5ms | ActiveRecord: 1.3ms | Allocations: 8562)


Started GET "/widgets/1/edit" for 127.0.0.1 at 2021-01-31 02:26:50 -0700
Processing by WidgetsController#edit as HTML
  Parameters: {"id"=>"1"}
  [1m[36mWidget Load (0.3ms)[0m  [1m[34mSELECT "widgets".* FROM "widgets" WHERE "widgets"."id" = ? LIMIT ?[0m  [["id", 1], ["LIMIT", 1]]
  ↳ app/controllers/widgets_controller.rb:62:in `set_widget'
  Rendering layout layouts/application.html.erb
  Rendering widgets/edit.html.erb within layouts/application
  Rendered widgets/_form.html.erb (Duration: 7.6ms | Allocations: 1281)
  Rendered widgets/edit.html.erb within layouts/application (Duration: 11.4ms | Allocations: 1680)
[Webpacker] Everything's up-to-date. Nothing to do
  Rendered layout layouts/application.html.erb (Duration: 25.3ms | Allocations: 4935)
Completed 200 OK in 38ms (Views: 29.8ms | ActiveRecord: 0.3ms | Allocations: 6654)


Started GET "/widgets/1/edit" for 127.0.0.1 at 2021-01-31 02:30:46 -0700
Processing by WidgetsController#edit as HTML
  Parameters: {"id"=>"1"}
  [1m[36mWidget Load (0.4ms)[0m  [1m[34mSELECT "widgets".* FROM "widgets" WHERE "widgets"."id" = ? LIMIT ?[0m  [["id", 1], ["LIMIT", 1]]
  ↳ app/controllers/widgets_controller.rb:62:in `set_widget'
  Rendering layout layouts/application.html.erb
  Rendering widgets/edit.html.erb within layouts/application
  Rendered widgets/_form.html.erb (Duration: 7.6ms | Allocations: 1281)
  Rendered widgets/edit.html.erb within layouts/application (Duration: 11.3ms | Allocations: 1680)
[Webpacker] Compiling...
[Webpacker] Compiled all packs in /home/tthorley/repos/modest-vue-for-your-html/public/packs
[Webpacker] Hash: 0869861eaf1c7c1aba0d
Version: webpack 4.46.0
Time: 1409ms
Built at: 01/31/2021 2:30:49 AM
                                     Asset       Size       Chunks                         Chunk Names
    js/application-6d5d449a9d7a4075984b.js    767 KiB  application  [emitted] [immutable]  application
js/application-6d5d449a9d7a4075984b.js.map    774 KiB  application  [emitted] [dev]        application
                             manifest.json  364 bytes               [emitted]              
Entrypoint application = js/application-6d5d449a9d7a4075984b.js js/application-6d5d449a9d7a4075984b.js.map
[./app/javascript/channels sync recursive _channel\.js$] ./app/javascript/channels sync _channel\.js$ 160 bytes {application} [built]
[./app/javascript/channels/index.js] 211 bytes {application} [built]
[./app/javascript/packs/application.js] 800 bytes {application} [built]
[./node_modules/webpack/buildin/global.js] (webpack)/buildin/global.js 905 bytes {application} [built]
[./node_modules/webpack/buildin/module.js] (webpack)/buildin/module.js 552 bytes {application} [built]
    + 11 hidden modules

  Rendered layout layouts/application.html.erb (Duration: 2927.4ms | Allocations: 6178)
Completed 200 OK in 2941ms (Views: 2932.8ms | ActiveRecord: 0.4ms | Allocations: 7897)


Started GET "/widgets/1/edit" for 127.0.0.1 at 2021-01-31 02:30:59 -0700
Processing by WidgetsController#edit as HTML
  Parameters: {"id"=>"1"}
  [1m[36mWidget Load (0.3ms)[0m  [1m[34mSELECT "widgets".* FROM "widgets" WHERE "widgets"."id" = ? LIMIT ?[0m  [["id", 1], ["LIMIT", 1]]
  ↳ app/controllers/widgets_controller.rb:62:in `set_widget'
  Rendering layout layouts/application.html.erb
  Rendering widgets/edit.html.erb within layouts/application
  Rendered widgets/_form.html.erb (Duration: 4.4ms | Allocations: 925)
  Rendered widgets/edit.html.erb within layouts/application (Duration: 5.5ms | Allocations: 1069)
[Webpacker] Everything's up-to-date. Nothing to do
  Rendered layout layouts/application.html.erb (Duration: 14.3ms | Allocations: 4146)
Completed 200 OK in 22ms (Views: 15.6ms | ActiveRecord: 0.3ms | Allocations: 5131)


Started GET "/widgets/1/edit" for 127.0.0.1 at 2021-01-31 02:31:43 -0700
Processing by WidgetsController#edit as HTML
  Parameters: {"id"=>"1"}
  [1m[36mWidget Load (0.4ms)[0m  [1m[34mSELECT "widgets".* FROM "widgets" WHERE "widgets"."id" = ? LIMIT ?[0m  [["id", 1], ["LIMIT", 1]]
  ↳ app/controllers/widgets_controller.rb:62:in `set_widget'
  Rendering layout layouts/application.html.erb
  Rendering widgets/edit.html.erb within layouts/application
  Rendered widgets/_form.html.erb (Duration: 5.1ms | Allocations: 919)
  Rendered widgets/edit.html.erb within layouts/application (Duration: 6.3ms | Allocations: 1060)
[Webpacker] Compiling...
[Webpacker] Compiled all packs in /home/tthorley/repos/modest-vue-for-your-html/public/packs
[Webpacker] Hash: 534dbacc046141e34373
Version: webpack 4.46.0
Time: 1395ms
Built at: 01/31/2021 2:31:45 AM
                                     Asset       Size       Chunks                         Chunk Names
    js/application-53666ee4bea473fef8a8.js    767 KiB  application  [emitted] [immutable]  application
js/application-53666ee4bea473fef8a8.js.map    774 KiB  application  [emitted] [dev]        application
                             manifest.json  364 bytes               [emitted]              
Entrypoint application = js/application-53666ee4bea473fef8a8.js js/application-53666ee4bea473fef8a8.js.map
[./app/javascript/channels sync recursive _channel\.js$] ./app/javascript/channels sync _channel\.js$ 160 bytes {application} [built]
[./app/javascript/channels/index.js] 211 bytes {application} [built]
[./app/javascript/packs/application.js] 800 bytes {application} [built]
[./node_modules/webpack/buildin/global.js] (webpack)/buildin/global.js 905 bytes {application} [built]
[./node_modules/webpack/buildin/module.js] (webpack)/buildin/module.js 552 bytes {application} [built]
    + 11 hidden modules

  Rendered layout layouts/application.html.erb (Duration: 2953.1ms | Allocations: 5381)
Completed 200 OK in 2960ms (Views: 2954.3ms | ActiveRecord: 0.4ms | Allocations: 6366)


Started GET "/widgets/1/edit" for 127.0.0.1 at 2021-01-31 02:32:25 -0700
Processing by WidgetsController#edit as HTML
  Parameters: {"id"=>"1"}
  [1m[36mWidget Load (0.3ms)[0m  [1m[34mSELECT "widgets".* FROM "widgets" WHERE "widgets"."id" = ? LIMIT ?[0m  [["id", 1], ["LIMIT", 1]]
  ↳ app/controllers/widgets_controller.rb:62:in `set_widget'
  Rendering layout layouts/application.html.erb
  Rendering widgets/edit.html.erb within layouts/application
  Rendered widgets/_form.html.erb (Duration: 5.0ms | Allocations: 919)
  Rendered widgets/edit.html.erb within layouts/application (Duration: 6.6ms | Allocations: 1060)
[Webpacker] Compiling...
[Webpacker] Compiled all packs in /home/tthorley/repos/modest-vue-for-your-html/public/packs
[Webpacker] Hash: 2ae1c4a3a1b6a70af2d5
Version: webpack 4.46.0
Time: 1297ms
Built at: 01/31/2021 2:32:28 AM
                                     Asset       Size       Chunks                         Chunk Names
    js/application-8c9e8964a1aea104892f.js    767 KiB  application  [emitted] [immutable]  application
js/application-8c9e8964a1aea104892f.js.map    774 KiB  application  [emitted] [dev]        application
                             manifest.json  364 bytes               [emitted]              
Entrypoint application = js/application-8c9e8964a1aea104892f.js js/application-8c9e8964a1aea104892f.js.map
[./app/javascript/channels sync recursive _channel\.js$] ./app/javascript/channels sync _channel\.js$ 160 bytes {application} [built]
[./app/javascript/channels/index.js] 211 bytes {application} [built]
[./app/javascript/packs/application.js] 800 bytes {application} [built]
[./node_modules/webpack/buildin/global.js] (webpack)/buildin/global.js 905 bytes {application} [built]
[./node_modules/webpack/buildin/module.js] (webpack)/buildin/module.js 552 bytes {application} [built]
    + 11 hidden modules

  Rendered layout layouts/application.html.erb (Duration: 2774.5ms | Allocations: 5377)
Completed 200 OK in 2781ms (Views: 2775.5ms | ActiveRecord: 0.3ms | Allocations: 6361)


Started GET "/widgets/1/edit" for 127.0.0.1 at 2021-01-31 02:33:52 -0700
Processing by WidgetsController#edit as HTML
  Parameters: {"id"=>"1"}
  [1m[36mWidget Load (0.4ms)[0m  [1m[34mSELECT "widgets".* FROM "widgets" WHERE "widgets"."id" = ? LIMIT ?[0m  [["id", 1], ["LIMIT", 1]]
  ↳ app/controllers/widgets_controller.rb:62:in `set_widget'
  Rendering layout layouts/application.html.erb
  Rendering widgets/edit.html.erb within layouts/application
  Rendered widgets/_form.html.erb (Duration: 5.8ms | Allocations: 919)
  Rendered widgets/edit.html.erb within layouts/application (Duration: 6.9ms | Allocations: 1060)
[Webpacker] Compiling...
[Webpacker] Compiled all packs in /home/tthorley/repos/modest-vue-for-your-html/public/packs
[Webpacker] Hash: f0c10dc9e63ea58b6030
Version: webpack 4.46.0
Time: 1345ms
Built at: 01/31/2021 2:33:54 AM
                                     Asset       Size       Chunks                         Chunk Names
    js/application-19586d6316387c850999.js    767 KiB  application  [emitted] [immutable]  application
js/application-19586d6316387c850999.js.map    775 KiB  application  [emitted] [dev]        application
                             manifest.json  364 bytes               [emitted]              
Entrypoint application = js/application-19586d6316387c850999.js js/application-19586d6316387c850999.js.map
[./app/javascript/channels sync recursive _channel\.js$] ./app/javascript/channels sync _channel\.js$ 160 bytes {application} [built]
[./app/javascript/channels/index.js] 211 bytes {application} [built]
[./app/javascript/packs/application.js] 800 bytes {application} [built]
[./node_modules/webpack/buildin/global.js] (webpack)/buildin/global.js 905 bytes {application} [built]
[./node_modules/webpack/buildin/module.js] (webpack)/buildin/module.js 552 bytes {application} [built]
    + 11 hidden modules

  Rendered layout layouts/application.html.erb (Duration: 2881.2ms | Allocations: 5376)
Completed 200 OK in 2889ms (Views: 2882.2ms | ActiveRecord: 0.4ms | Allocations: 6360)


